Determining if the pthread_create exist failed with the following output:
Change Dir: /home/chps/CHPS21-22/POOCS/POO_TD2-3-4/TD3/build/CMakeFiles/CMakeTmp

Run Build Command:"/usr/bin/make" "cmTC_3b60e/fast"
/usr/bin/make -f CMakeFiles/cmTC_3b60e.dir/build.make CMakeFiles/cmTC_3b60e.dir/build
make[1] : on entre dans le répertoire « /home/chps/CHPS21-22/POOCS/POO_TD2-3-4/TD3/build/CMakeFiles/CMakeTmp »
Building C object CMakeFiles/cmTC_3b60e.dir/CheckSymbolExists.c.o
/usr/bin/cc    -o CMakeFiles/cmTC_3b60e.dir/CheckSymbolExists.c.o   -c /home/chps/CHPS21-22/POOCS/POO_TD2-3-4/TD3/build/CMakeFiles/CMakeTmp/CheckSymbolExists.c
Linking C executable cmTC_3b60e
/usr/local/bin/cmake -E cmake_link_script CMakeFiles/cmTC_3b60e.dir/link.txt --verbose=1
/usr/bin/cc      CMakeFiles/cmTC_3b60e.dir/CheckSymbolExists.c.o  -o cmTC_3b60e 
CMakeFiles/cmTC_3b60e.dir/CheckSymbolExists.c.o : Dans la fonction « main » :
CheckSymbolExists.c:(.text+0x16) : référence indéfinie vers « pthread_create »
collect2: error: ld returned 1 exit status
CMakeFiles/cmTC_3b60e.dir/build.make:97 : la recette pour la cible « cmTC_3b60e » a échouée
make[1]: *** [cmTC_3b60e] Erreur 1
make[1] : on quitte le répertoire « /home/chps/CHPS21-22/POOCS/POO_TD2-3-4/TD3/build/CMakeFiles/CMakeTmp »
Makefile:126 : la recette pour la cible « cmTC_3b60e/fast » a échouée
make: *** [cmTC_3b60e/fast] Erreur 2

File /home/chps/CHPS21-22/POOCS/POO_TD2-3-4/TD3/build/CMakeFiles/CMakeTmp/CheckSymbolExists.c:
/* */
#include <pthread.h>

int main(int argc, char** argv)
{
  (void)argv;
#ifndef pthread_create
  return ((int*)(&pthread_create))[argc];
#else
  (void)argc;
  return 0;
#endif
}

Determining if the function pthread_create exists in the pthreads failed with the following output:
Change Dir: /home/chps/CHPS21-22/POOCS/POO_TD2-3-4/TD3/build/CMakeFiles/CMakeTmp

Run Build Command:"/usr/bin/make" "cmTC_46f0b/fast"
/usr/bin/make -f CMakeFiles/cmTC_46f0b.dir/build.make CMakeFiles/cmTC_46f0b.dir/build
make[1] : on entre dans le répertoire « /home/chps/CHPS21-22/POOCS/POO_TD2-3-4/TD3/build/CMakeFiles/CMakeTmp »
Building C object CMakeFiles/cmTC_46f0b.dir/CheckFunctionExists.c.o
/usr/bin/cc   -DCHECK_FUNCTION_EXISTS=pthread_create   -o CMakeFiles/cmTC_46f0b.dir/CheckFunctionExists.c.o   -c /usr/local/share/cmake-3.10/Modules/CheckFunctionExists.c
Linking C executable cmTC_46f0b
/usr/local/bin/cmake -E cmake_link_script CMakeFiles/cmTC_46f0b.dir/link.txt --verbose=1
/usr/bin/cc  -DCHECK_FUNCTION_EXISTS=pthread_create    CMakeFiles/cmTC_46f0b.dir/CheckFunctionExists.c.o  -o cmTC_46f0b -lpthreads 
/usr/bin/ld : ne peut trouver -lpthreads
collect2: error: ld returned 1 exit status
CMakeFiles/cmTC_46f0b.dir/build.make:97 : la recette pour la cible « cmTC_46f0b » a échouée
make[1]: *** [cmTC_46f0b] Erreur 1
make[1] : on quitte le répertoire « /home/chps/CHPS21-22/POOCS/POO_TD2-3-4/TD3/build/CMakeFiles/CMakeTmp »
Makefile:126 : la recette pour la cible « cmTC_46f0b/fast » a échouée
make: *** [cmTC_46f0b/fast] Erreur 2


