Determining if the pthread_create exist failed with the following output:
Change Dir: /home/chps/CHPS21-22/POOCS/POO_TD2-3-4/TD3/build/CMakeFiles/CMakeTmp

Run Build Command:"/usr/bin/make" "cmTC_32092/fast"
/usr/bin/make -f CMakeFiles/cmTC_32092.dir/build.make CMakeFiles/cmTC_32092.dir/build
make[1] : on entre dans le répertoire « /home/chps/CHPS21-22/POOCS/POO_TD2-3-4/TD3/build/CMakeFiles/CMakeTmp »
Building C object CMakeFiles/cmTC_32092.dir/CheckSymbolExists.c.o
/usr/bin/cc    -o CMakeFiles/cmTC_32092.dir/CheckSymbolExists.c.o   -c /home/chps/CHPS21-22/POOCS/POO_TD2-3-4/TD3/build/CMakeFiles/CMakeTmp/CheckSymbolExists.c
Linking C executable cmTC_32092
/usr/local/bin/cmake -E cmake_link_script CMakeFiles/cmTC_32092.dir/link.txt --verbose=1
/usr/bin/cc      CMakeFiles/cmTC_32092.dir/CheckSymbolExists.c.o  -o cmTC_32092 
CMakeFiles/cmTC_32092.dir/CheckSymbolExists.c.o : Dans la fonction « main » :
CheckSymbolExists.c:(.text+0x16) : référence indéfinie vers « pthread_create »
collect2: error: ld returned 1 exit status
CMakeFiles/cmTC_32092.dir/build.make:97 : la recette pour la cible « cmTC_32092 » a échouée
make[1]: *** [cmTC_32092] Erreur 1
make[1] : on quitte le répertoire « /home/chps/CHPS21-22/POOCS/POO_TD2-3-4/TD3/build/CMakeFiles/CMakeTmp »
Makefile:126 : la recette pour la cible « cmTC_32092/fast » a échouée
make: *** [cmTC_32092/fast] Erreur 2

File /home/chps/CHPS21-22/POOCS/POO_TD2-3-4/TD3/build/CMakeFiles/CMakeTmp/CheckSymbolExists.c:
/* */
#include <pthread.h>

int main(int argc, char** argv)
{
  (void)argv;
#ifndef pthread_create
  return ((int*)(&pthread_create))[argc];
#else
  (void)argc;
  return 0;
#endif
}

Determining if the function pthread_create exists in the pthreads failed with the following output:
Change Dir: /home/chps/CHPS21-22/POOCS/POO_TD2-3-4/TD3/build/CMakeFiles/CMakeTmp

Run Build Command:"/usr/bin/make" "cmTC_cc2f3/fast"
/usr/bin/make -f CMakeFiles/cmTC_cc2f3.dir/build.make CMakeFiles/cmTC_cc2f3.dir/build
make[1] : on entre dans le répertoire « /home/chps/CHPS21-22/POOCS/POO_TD2-3-4/TD3/build/CMakeFiles/CMakeTmp »
Building C object CMakeFiles/cmTC_cc2f3.dir/CheckFunctionExists.c.o
/usr/bin/cc   -DCHECK_FUNCTION_EXISTS=pthread_create   -o CMakeFiles/cmTC_cc2f3.dir/CheckFunctionExists.c.o   -c /usr/local/share/cmake-3.10/Modules/CheckFunctionExists.c
Linking C executable cmTC_cc2f3
/usr/local/bin/cmake -E cmake_link_script CMakeFiles/cmTC_cc2f3.dir/link.txt --verbose=1
/usr/bin/cc  -DCHECK_FUNCTION_EXISTS=pthread_create    CMakeFiles/cmTC_cc2f3.dir/CheckFunctionExists.c.o  -o cmTC_cc2f3 -lpthreads 
/usr/bin/ld : ne peut trouver -lpthreads
collect2: error: ld returned 1 exit status
CMakeFiles/cmTC_cc2f3.dir/build.make:97 : la recette pour la cible « cmTC_cc2f3 » a échouée
make[1]: *** [cmTC_cc2f3] Erreur 1
make[1] : on quitte le répertoire « /home/chps/CHPS21-22/POOCS/POO_TD2-3-4/TD3/build/CMakeFiles/CMakeTmp »
Makefile:126 : la recette pour la cible « cmTC_cc2f3/fast » a échouée
make: *** [cmTC_cc2f3/fast] Erreur 2


